[WARN] | 2:9 | 'cell add:  | Cell: stgKAgorttcm8dSymundefined' | username: "HR_test" | User Id: 5ugvJ8DvsMnsu3Kd6
[WARN] | 2:50 | 'cell add:  | Cell: stgKAgorttcm8dSymundefined' | username: "HR_test" | User Id: 5ugvJ8DvsMnsu3Kd6
[WARN] | 4:44 | 'cell add:  | Cell: stgKAgorttcm8dSym3' | username: "HR_test" | User Id: 5ugvJ8DvsMnsu3Kd6
[WARN] | 4:47 | 'cell add:  | Cell: stgKAgorttcm8dSym2' | username: "HR_test" | User Id: 5ugvJ8DvsMnsu3Kd6
[WARN] | 4:50 | 'cell add:  | Cell: stgKAgorttcm8dSym2' | username: "HR_test" | User Id: 5ugvJ8DvsMnsu3Kd6
[WARN] | 4:56 | 'cell add:  | Cell: ZL26iqh59BNqL68Dv0' | username: "HR_test" | User Id: 5ugvJ8DvsMnsu3Kd6
[WARN] | 8:8 | 'cell add:  | Cell: ZL26iqh59BNqL68Dv1' | username: "HR_test" | User Id: 5ugvJ8DvsMnsu3Kd6
[WARN] | 8:15 | 'cell add:  | Cell: TpKdvnKFMnzud8xD52' | username: "HR_test" | User Id: 5ugvJ8DvsMnsu3Kd6
[WARN] | 8:19 | 'cell add:  | Cell: stgKAgorttcm8dSym3' | username: "HR_test" | User Id: 5ugvJ8DvsMnsu3Kd6
[WARN] | 8:37 | 'cell add:  | Cell: stgKAgorttcm8dSym3' | username: "HR_test" | User Id: 5ugvJ8DvsMnsu3Kd6
[WARN] | 8:48 | 'cell add:  | Cell: stgKAgorttcm8dSym3' | username: "HR_test" | User Id: 5ugvJ8DvsMnsu3Kd6
[WARN] | 8:57 | 'cell add:  | Cell: ZL26iqh59BNqL68Dv3' | username: "HR_test" | User Id: 5ugvJ8DvsMnsu3Kd6
[WARN] | 9:20 | 'cell add:  | Cell: ZL26iqh59BNqL68Dv1' | username: "HR_test" | User Id: 5ugvJ8DvsMnsu3Kd6
[WARN] | 10:12 | 'cell add:  | Cell Id: 5501' | username: "HR_test" | User Id: 5ugvJ8DvsMnsu3Kd6
[WARN] | 10:26 | 'cell add:  | Cell: CAyWRa8NYXYt4zhQo1' | username: "HR_test" | User Id: 5ugvJ8DvsMnsu3Kd6
[WARN] | 10:38 | 'cell add:  | Cell: CAyWRa8NYXYt4zhQotable 1' | username: "HR_test" | User Id: 5ugvJ8DvsMnsu3Kd6
[WARN] | 11:2 | 'cell add:  | Cell: YcYtsRE2XgtHmaCvDtable 1' | username: "HR_test" | User Id: 5ugvJ8DvsMnsu3Kd6
[WARN] | 11:7 | 'cell add:  | Cell: CAyWRa8NYXYt4zhQotable 2' | username: "HR_test" | User Id: 5ugvJ8DvsMnsu3Kd6
[WARN] | 36:9 | 'cell add:  | Cell: CAyWRa8NYXYt4zhQotable 3' | username: "HR_test" | User Id: 5ugvJ8DvsMnsu3Kd6
[WARN] | 38:8 | 'cell add:  | Cell: CAyWRa8NYXYt4zhQotable 2' | username: "HR_test" | User Id: 5ugvJ8DvsMnsu3Kd6
