[WARN] | 2:22 | 'report edit:  | Change flagged status to: false | documentID: 8KxurFPmmhqemvyM9' | username: "nnnero" | User Id: Z7QiDFKQuddxmFZpn
[WARN] | 2:22 | 'report edit:  | Operator ID Array: 00218,00403,00298,00518 | documentID: 8KxurFPmmhqemvyM9' | username: "nnnero" | User Id: Z7QiDFKQuddxmFZpn
[WARN] | 8:54 | 'report edit:  | Actual Number: 12 | documentID: 8KxurFPmmhqemvyM9' | username: "nnnero" | User Id: Z7QiDFKQuddxmFZpn
[WARN] | 8:54 | 'report edit:  | Status: undefined | documentID: 8KxurFPmmhqemvyM9' | username: "nnnero" | User Id: Z7QiDFKQuddxmFZpn
[WARN] | 8:54 | 'report edit:  | Change flagged status to: false | documentID: 8KxurFPmmhqemvyM9' | username: "nnnero" | User Id: Z7QiDFKQuddxmFZpn
[WARN] | 8:54 | 'report edit:  | Operator ID Array: 00218,00403,00298,00518 | documentID: 8KxurFPmmhqemvyM9' | username: "nnnero" | User Id: Z7QiDFKQuddxmFZpn
[WARN] | 9:22 | 'report edit:  | Actual Number: 11 | documentID: 8KxurFPmmhqemvyM9' | username: "nnnero" | User Id: Z7QiDFKQuddxmFZpn
[WARN] | 9:22 | 'report edit:  | Change flagged status to: true | documentID: 8KxurFPmmhqemvyM9' | username: "nnnero" | User Id: Z7QiDFKQuddxmFZpn
[WARN] | 9:22 | 'report edit:  | Operator ID Array: 00218,00403,00298,00518 | documentID: 8KxurFPmmhqemvyM9' | username: "nnnero" | User Id: Z7QiDFKQuddxmFZpn
[WARN] | 9:22 | 'report edit:  | Status: undefined | documentID: 8KxurFPmmhqemvyM9' | username: "nnnero" | User Id: Z7QiDFKQuddxmFZpn
[WARN] | 9:34 | 'report edit:  | Actual Number: 11 | documentID: 8KxurFPmmhqemvyM9' | username: "nnnero" | User Id: Z7QiDFKQuddxmFZpn
[WARN] | 9:34 | 'report edit:  | Change flagged status to: true | documentID: 8KxurFPmmhqemvyM9' | username: "nnnero" | User Id: Z7QiDFKQuddxmFZpn
[WARN] | 9:34 | 'report edit:  | Status: undefined | documentID: 8KxurFPmmhqemvyM9' | username: "nnnero" | User Id: Z7QiDFKQuddxmFZpn
[WARN] | 9:34 | 'report edit:  | Operator ID Array: 00218,00403,00298,00518 | documentID: 8KxurFPmmhqemvyM9' | username: "nnnero" | User Id: Z7QiDFKQuddxmFZpn
[WARN] | 10:24 | 'report edit:  | Actual Number: 12 | documentID: 8KxurFPmmhqemvyM9' | username: "nnnero" | User Id: Z7QiDFKQuddxmFZpn
[WARN] | 10:24 | 'report edit:  | Status: undefined | documentID: 8KxurFPmmhqemvyM9' | username: "nnnero" | User Id: Z7QiDFKQuddxmFZpn
[WARN] | 10:24 | 'report edit:  | Change flagged status to: false | documentID: 8KxurFPmmhqemvyM9' | username: "nnnero" | User Id: Z7QiDFKQuddxmFZpn
[WARN] | 10:24 | 'report edit:  | Operator ID Array: 00218,00403,00298,00518 | documentID: 8KxurFPmmhqemvyM9' | username: "nnnero" | User Id: Z7QiDFKQuddxmFZpn
[WARN] | 10:46 | 'report edit:  | Actual Number: 11 | documentID: 8KxurFPmmhqemvyM9' | username: "nnnero" | User Id: Z7QiDFKQuddxmFZpn
[WARN] | 10:46 | 'report edit:  | Status: undefined | documentID: 8KxurFPmmhqemvyM9' | username: "nnnero" | User Id: Z7QiDFKQuddxmFZpn
[WARN] | 10:46 | 'report edit:  | Change flagged status to: false | documentID: 8KxurFPmmhqemvyM9' | username: "nnnero" | User Id: Z7QiDFKQuddxmFZpn
[WARN] | 10:46 | 'report edit:  | Operator ID Array: 00218,00403,00298,00518 | documentID: 8KxurFPmmhqemvyM9' | username: "nnnero" | User Id: Z7QiDFKQuddxmFZpn
[WARN] | 11:23 | 'report edit:  | Actual Number: 12 | documentID: 8KxurFPmmhqemvyM9' | username: "nnnero" | User Id: Z7QiDFKQuddxmFZpn
[WARN] | 11:23 | 'report edit:  | Status: undefined | documentID: 8KxurFPmmhqemvyM9' | username: "nnnero" | User Id: Z7QiDFKQuddxmFZpn
[WARN] | 11:23 | 'report edit:  | Operator ID Array: 00218,00403,00298,00518 | documentID: 8KxurFPmmhqemvyM9' | username: "nnnero" | User Id: Z7QiDFKQuddxmFZpn
[WARN] | 17:54 | 'report edit:  | Actual Number: 11 | documentID: 8KxurFPmmhqemvyM9' | username: "nnnero" | User Id: Z7QiDFKQuddxmFZpn
[WARN] | 17:54 | 'report edit:  | Status: undefined | documentID: 8KxurFPmmhqemvyM9' | username: "nnnero" | User Id: Z7QiDFKQuddxmFZpn
[WARN] | 17:54 | 'report edit:  | Operator ID Array: 00218,00403,00298,00518 | documentID: 8KxurFPmmhqemvyM9' | username: "nnnero" | User Id: Z7QiDFKQuddxmFZpn
[WARN] | 18:3 | 'report edit:  | Actual Number: 11 | documentID: 8KxurFPmmhqemvyM9' | username: "nnnero" | User Id: Z7QiDFKQuddxmFZpn
[WARN] | 18:3 | 'report edit:  | Status: undefined | documentID: 8KxurFPmmhqemvyM9' | username: "nnnero" | User Id: Z7QiDFKQuddxmFZpn
[WARN] | 18:3 | 'report edit:  | Operator ID Array: 00218,00403,00298,00518 | documentID: 8KxurFPmmhqemvyM9' | username: "nnnero" | User Id: Z7QiDFKQuddxmFZpn
[WARN] | 18:3 | 'report edit:  | Change flagged status to: false | documentID: 8KxurFPmmhqemvyM9' | username: "nnnero" | User Id: Z7QiDFKQuddxmFZpn
[INFO] | 19:0 | 'log out' | username: "nnnero" | User Id: Z7QiDFKQuddxmFZpn
[INFO] | 19:7 | 'log in' | username: "HR_test" | User Id: 5ugvJ8DvsMnsu3Kd6
