[WARN] | 10:16 | 'report edit:  | Operator ID Array: 00155,00131,00154,null | documentID: sA7MfBDWXGLTx2vC7' | username: "HR_test" | User Id: 5ugvJ8DvsMnsu3Kd6
[WARN] | 56:5 | 'report edit:  | Status: undefined | documentID: 8KxurFPmmhqemvyM9' | username: "HR_test" | User Id: 5ugvJ8DvsMnsu3Kd6
[WARN] | 56:5 | 'report edit:  | Actual Number: 12 | documentID: 8KxurFPmmhqemvyM9' | username: "HR_test" | User Id: 5ugvJ8DvsMnsu3Kd6
[WARN] | 56:5 | 'report edit:  | Operator ID Array: 00218,00403,00298,00131 | documentID: 8KxurFPmmhqemvyM9' | username: "HR_test" | User Id: 5ugvJ8DvsMnsu3Kd6
[WARN] | 56:17 | 'report edit:  | Actual Number: 9 | documentID: 7mwara35iES4q8fuf' | username: "HR_test" | User Id: 5ugvJ8DvsMnsu3Kd6
[WARN] | 56:17 | 'report edit:  | Status: undefined | documentID: 7mwara35iES4q8fuf' | username: "HR_test" | User Id: 5ugvJ8DvsMnsu3Kd6
[WARN] | 56:17 | 'report edit:  | Operator ID Array: 00155,00131,null,00722 | documentID: 7mwara35iES4q8fuf' | username: "HR_test" | User Id: 5ugvJ8DvsMnsu3Kd6
[WARN] | 56:26 | 'report edit:  | Actual Number: 8 | documentID: 7mwara35iES4q8fuf' | username: "HR_test" | User Id: 5ugvJ8DvsMnsu3Kd6
[WARN] | 56:26 | 'report edit:  | Status: undefined | documentID: 7mwara35iES4q8fuf' | username: "HR_test" | User Id: 5ugvJ8DvsMnsu3Kd6
[WARN] | 56:26 | 'report edit:  | Operator ID Array: 00155,00131,null,00722 | documentID: 7mwara35iES4q8fuf' | username: "HR_test" | User Id: 5ugvJ8DvsMnsu3Kd6
[WARN] | 58:15 | 'report edit:  | Actual Number: 9 | documentID: 7mwara35iES4q8fuf' | username: "HR_test" | User Id: 5ugvJ8DvsMnsu3Kd6
[WARN] | 58:15 | 'report edit:  | Status: undefined | documentID: 7mwara35iES4q8fuf' | username: "HR_test" | User Id: 5ugvJ8DvsMnsu3Kd6
[WARN] | 58:15 | 'report edit:  | Change flagged status to: true | documentID: 7mwara35iES4q8fuf' | username: "HR_test" | User Id: 5ugvJ8DvsMnsu3Kd6
[WARN] | 58:15 | 'report edit:  | Operator ID Array: 00155,00131,null,00722 | documentID: 7mwara35iES4q8fuf' | username: "HR_test" | User Id: 5ugvJ8DvsMnsu3Kd6
[WARN] | 58:32 | 'report edit:  | Actual Number: 8 | documentID: 7mwara35iES4q8fuf' | username: "HR_test" | User Id: 5ugvJ8DvsMnsu3Kd6
[WARN] | 58:32 | 'report edit:  | Status: undefined | documentID: 7mwara35iES4q8fuf' | username: "HR_test" | User Id: 5ugvJ8DvsMnsu3Kd6
[WARN] | 58:32 | 'report edit:  | Change flagged status to: true | documentID: 7mwara35iES4q8fuf' | username: "HR_test" | User Id: 5ugvJ8DvsMnsu3Kd6
[WARN] | 58:32 | 'report edit:  | Operator ID Array: 00155,00131,null,00722 | documentID: 7mwara35iES4q8fuf' | username: "HR_test" | User Id: 5ugvJ8DvsMnsu3Kd6
[WARN] | 58:48 | 'report edit:  | Actual Number: 8 | documentID: 7mwara35iES4q8fuf' | username: "HR_test" | User Id: 5ugvJ8DvsMnsu3Kd6
[WARN] | 58:48 | 'report edit:  | Status: undefined | documentID: 7mwara35iES4q8fuf' | username: "HR_test" | User Id: 5ugvJ8DvsMnsu3Kd6
[WARN] | 58:48 | 'report edit:  | Change flagged status to: false | documentID: 7mwara35iES4q8fuf' | username: "HR_test" | User Id: 5ugvJ8DvsMnsu3Kd6
[WARN] | 58:48 | 'report edit:  | Operator ID Array: 00155,00131,null,00722 | documentID: 7mwara35iES4q8fuf' | username: "HR_test" | User Id: 5ugvJ8DvsMnsu3Kd6
